<?xml version="1.0" encoding="UTF-8"?>
<testsuite name="SearchSelenideSite" tests="1" skipped="0" failures="0" errors="0" timestamp="2022-02-21T07:45:09" hostname="ASUSNOTEBOOK" time="132.66">
  <properties/>
  <testcase name="selenideSearchTest()" classname="SearchSelenideSite" time="132.66"/>
  <system-out><![CDATA[]]></system-out>
  <system-err><![CDATA[SLF4J: Failed to load class "org.slf4j.impl.StaticLoggerBinder".
SLF4J: Defaulting to no-operation (NOP) logger implementation
SLF4J: See http://www.slf4j.org/codes.html#StaticLoggerBinder for further details.
Starting ChromeDriver 98.0.4758.102 (273bf7ac8c909cde36982d27f66f3c70846a3718-refs/branch-heads/4758@{#1151}) on port 63934
Only local connections are allowed.
Please see https://chromedriver.chromium.org/security-considerations for suggestions on keeping ChromeDriver safe.
ChromeDriver was started successfully.
[1645429597.096][WARNING]: Timed out connecting to Chrome, retrying...
????. 21, 2022 10:46:41 AM org.openqa.selenium.remote.ProtocolHandshake createSession
INFO: Detected dialect: W3C
????. 21, 2022 10:46:42 AM org.openqa.selenium.devtools.CdpVersionFinder findNearestMatch
WARNING: Unable to find an exact match for CDP version 98, so returning the closest version found: 96
????. 21, 2022 10:46:42 AM org.openqa.selenium.devtools.CdpVersionFinder findNearestMatch
INFO: Found CDP implementation for version 98 of 96
]]></system-err>
</testsuite>
